[18-Feb-2026 20:00:49 UTC] PHP Warning:  mysqli_real_connect(): (HY000/2002): No such file or directory in /Applications/MAMP/htdocs/cozy-games/wp-includes/class-wpdb.php on line 1994
[18-Feb-2026 23:02:41 UTC] PHP Parse error:  syntax error, unexpected identifier "cozy_discord", expecting "," or ";" in /Applications/MAMP/htdocs/cozy-games/wp-content/themes/cozy-gaming/inc/cozy-dashboard-widgets.php on line 1051
[18-Feb-2026 23:02:41 UTC] PHP Notice:  La fonction _load_textdomain_just_in_time a été appelée de façon <strong>incorrecte</strong>. Le chargement de la traduction pour le domaine <code>cozy-gaming</code> a été déclenché trop tôt. Cela indique généralement que du code dans l’extension ou le thème s’exécute trop tôt. Les traductions doivent être chargées au moment de l’action <code>init</code> ou plus tard. Veuillez lire <a href="https://developer.wordpress.org/advanced-administration/debug/debug-wordpress/">Débogage dans WordPress</a> (en) pour plus d’informations. (Ce message a été ajouté à la version 6.7.0.) in /Applications/MAMP/htdocs/cozy-games/wp-includes/functions.php on line 6131
[18-Feb-2026 23:02:41 UTC] PHP Warning:  Trying to access array offset on false in /Applications/MAMP/htdocs/cozy-games/wp-includes/class-wp-recovery-mode-email-service.php on line 367
[18-Feb-2026 23:02:41 UTC] PHP Warning:  Trying to access array offset on false in /Applications/MAMP/htdocs/cozy-games/wp-includes/class-wp-recovery-mode-email-service.php on line 368
[18-Feb-2026 23:02:42 UTC] PHP Parse error:  syntax error, unexpected identifier "cozy_discord", expecting "," or ";" in /Applications/MAMP/htdocs/cozy-games/wp-content/themes/cozy-gaming/inc/cozy-dashboard-widgets.php on line 1051
[18-Feb-2026 23:02:43 UTC] PHP Parse error:  syntax error, unexpected identifier "cozy_discord", expecting "," or ";" in /Applications/MAMP/htdocs/cozy-games/wp-content/themes/cozy-gaming/inc/cozy-dashboard-widgets.php on line 1051
[18-Feb-2026 23:02:43 UTC] PHP Parse error:  syntax error, unexpected identifier "cozy_discord", expecting "," or ";" in /Applications/MAMP/htdocs/cozy-games/wp-content/themes/cozy-gaming/inc/cozy-dashboard-widgets.php on line 1051
[18-Feb-2026 23:02:46 UTC] PHP Parse error:  syntax error, unexpected identifier "cozy_discord", expecting "," or ";" in /Applications/MAMP/htdocs/cozy-games/wp-content/themes/cozy-gaming/inc/cozy-dashboard-widgets.php on line 1051
[18-Feb-2026 23:02:47 UTC] PHP Parse error:  syntax error, unexpected identifier "cozy_discord", expecting "," or ";" in /Applications/MAMP/htdocs/cozy-games/wp-content/themes/cozy-gaming/inc/cozy-dashboard-widgets.php on line 1051
[18-Feb-2026 23:02:51 UTC] PHP Parse error:  syntax error, unexpected identifier "cozy_discord", expecting "," or ";" in /Applications/MAMP/htdocs/cozy-games/wp-content/themes/cozy-gaming/inc/cozy-dashboard-widgets.php on line 1051
[18-Feb-2026 23:02:52 UTC] PHP Parse error:  syntax error, unexpected identifier "cozy_discord", expecting "," or ";" in /Applications/MAMP/htdocs/cozy-games/wp-content/themes/cozy-gaming/inc/cozy-dashboard-widgets.php on line 1051
[18-Feb-2026 23:03:23 UTC] Automatic updates starting...
[18-Feb-2026 23:03:23 UTC] Automatic updates complete.
[19-Feb-2026 08:43:13 UTC] PHP Notice:  La fonction WP_Styles::add a été appelée de façon <strong>incorrecte</strong>. Le style ayant l’identifiant « cozy-game-collection » a été ajouté avec des dépendances qui n’ont pas été enregistrées : cozy-main-style. Veuillez lire <a href="https://developer.wordpress.org/advanced-administration/debug/debug-wordpress/">Débogage dans WordPress</a> (en) pour plus d’informations. (Ce message a été ajouté à la version 6.9.1.) in /Applications/MAMP/htdocs/cozy-games/wp-includes/functions.php on line 6131
[19-Feb-2026 08:43:24 UTC] PHP Notice:  La fonction WP_Styles::add a été appelée de façon <strong>incorrecte</strong>. Le style ayant l’identifiant « cozy-game-collection » a été ajouté avec des dépendances qui n’ont pas été enregistrées : cozy-main-style. Veuillez lire <a href="https://developer.wordpress.org/advanced-administration/debug/debug-wordpress/">Débogage dans WordPress</a> (en) pour plus d’informations. (Ce message a été ajouté à la version 6.9.1.) in /Applications/MAMP/htdocs/cozy-games/wp-includes/functions.php on line 6131
[19-Feb-2026 08:44:11 UTC] PHP Notice:  La fonction WP_Styles::add a été appelée de façon <strong>incorrecte</strong>. Le style ayant l’identifiant « cozy-game-collection » a été ajouté avec des dépendances qui n’ont pas été enregistrées : cozy-main-style. Veuillez lire <a href="https://developer.wordpress.org/advanced-administration/debug/debug-wordpress/">Débogage dans WordPress</a> (en) pour plus d’informations. (Ce message a été ajouté à la version 6.9.1.) in /Applications/MAMP/htdocs/cozy-games/wp-includes/functions.php on line 6131
[19-Feb-2026 10:19:18 UTC] Automatic updates starting...
[19-Feb-2026 10:19:19 UTC] Automatic updates complete.
[19-Feb-2026 10:44:44 UTC] PHP Warning:  mysqli_real_connect(): (HY000/2002): No such file or directory in /Applications/MAMP/htdocs/cozy-games/wp-includes/class-wpdb.php on line 1994
